Using pre-set license
Built from '2020.3/release' branch; Version is '2020.3.15f2 (6cf78cb77498) revision 7141260'; Using compiler version '192528614'; Build Type 'Release'
OS: 'Windows 10 Home Single Language; OS build 19042.1165; Version 2009; 64bit' Language: 'en' Physical Memory: 8013 MB
BatchMode: 1, IsHumanControllingUs: 0, StartBugReporterOnCrash: 0, Is64bit: 1, IsPro: 0

 COMMAND LINE ARGUMENTS:
C:\Program Files\Unity\Hub\Editor\2020.3.15f2\Editor\Unity.exe
-adb2
-batchMode
-noUpm
-name
AssetImportWorker0
-projectPath
C:/Users/Elias/FireRed
-logFile
Logs/AssetImportWorker0.log
-srvPort
63532
Successfully changed project path to: C:/Users/Elias/FireRed
C:/Users/Elias/FireRed
Using Asset Import Pipeline V2.
Refreshing native plugins compatible for Editor in 75.05 ms, found 3 plugins.
Preloading 0 native plugins for Editor in 0.00 ms.
Initialize engine version: 2020.3.15f2 (6cf78cb77498)
[Subsystems] Discovering subsystems at path C:/Program Files/Unity/Hub/Editor/2020.3.15f2/Editor/Data/Resources/UnitySubsystems
[Subsystems] Discovering subsystems at path C:/Users/Elias/FireRed/Assets
GfxDevice: creating device client; threaded=0
Direct3D:
    Version:  Direct3D 11.0 [level 11.1]
    Renderer: NVIDIA GeForce GTX 1650 with Max-Q Design (ID=0x1f9d)
    Vendor:   
    VRAM:     3962 MB
    Driver:   30.0.14.7168
Initialize mono
Mono path[0] = 'C:/Program Files/Unity/Hub/Editor/2020.3.15f2/Editor/Data/Managed'
Mono path[1] = 'C:/Program Files/Unity/Hub/Editor/2020.3.15f2/Editor/Data/MonoBleedingEdge/lib/mono/unityjit'
Mono config path = 'C:/Program Files/Unity/Hub/Editor/2020.3.15f2/Editor/Data/MonoBleedingEdge/etc'
Using monoOptions --debugger-agent=transport=dt_socket,embedding=1,server=y,suspend=n,address=127.0.0.1:56248
Begin MonoManager ReloadAssembly
Registering precompiled unity dll's ...
Register platform support module: C:/Program Files/Unity/Hub/Editor/2020.3.15f2/Editor/Data/PlaybackEngines/WebGLSupport/UnityEditor.WebGL.Extensions.dll
Register platform support module: C:/Program Files/Unity/Hub/Editor/2020.3.15f2/Editor/Data/PlaybackEngines/WindowsStandaloneSupport/UnityEditor.WindowsStandalone.Extensions.dll
Registered in 0.006614 seconds.
Native extension for WindowsStandalone target not found
Native extension for WebGL target not found
Refreshing native plugins compatible for Editor in 70.79 ms, found 3 plugins.
Preloading 0 native plugins for Editor in 0.00 ms.
Mono: successfully reloaded assembly
- Completed reload, in  4.698 seconds
Domain Reload Profiling:
	ReloadAssembly (4699ms)
		BeginReloadAssembly (90ms)
			ExecutionOrderSort (0ms)
			DisableScriptedObjects (0ms)
			BackupInstance (0ms)
			ReleaseScriptingObjects (0ms)
			CreateAndSetChildDomain (1ms)
		EndReloadAssembly (704ms)
			LoadAssemblies (86ms)
			RebuildTransferFunctionScriptingTraits (0ms)
			SetupTypeCache (254ms)
			ReleaseScriptCaches (0ms)
			RebuildScriptCaches (54ms)
			SetupLoadedEditorAssemblies (281ms)
				LogAssemblyErrors (0ms)
				InitializePlatformSupportModulesInManaged (10ms)
				SetLoadedEditorAssemblies (0ms)
				RefreshPlugins (71ms)
				BeforeProcessingInitializeOnLoad (25ms)
				ProcessInitializeOnLoadAttributes (131ms)
				ProcessInitializeOnLoadMethodAttributes (43ms)
				AfterProcessingInitializeOnLoad (0ms)
				EditorAssembliesLoaded (0ms)
			ExecutionOrderSort2 (0ms)
			AwakeInstancesAfterBackupRestoration (0ms)
Platform modules already initialized, skipping
Registering precompiled user dll's ...
Registered in 0.011639 seconds.
Begin MonoManager ReloadAssembly
Native extension for WindowsStandalone target not found
Native extension for WebGL target not found
Refreshing native plugins compatible for Editor in 64.30 ms, found 3 plugins.
Preloading 0 native plugins for Editor in 0.00 ms.
Mono: successfully reloaded assembly
- Completed reload, in  2.024 seconds
Domain Reload Profiling:
	ReloadAssembly (2025ms)
		BeginReloadAssembly (223ms)
			ExecutionOrderSort (0ms)
			DisableScriptedObjects (7ms)
			BackupInstance (0ms)
			ReleaseScriptingObjects (0ms)
			CreateAndSetChildDomain (25ms)
		EndReloadAssembly (1705ms)
			LoadAssemblies (192ms)
			RebuildTransferFunctionScriptingTraits (0ms)
			SetupTypeCache (510ms)
			ReleaseScriptCaches (1ms)
			RebuildScriptCaches (71ms)
			SetupLoadedEditorAssemblies (710ms)
				LogAssemblyErrors (0ms)
				InitializePlatformSupportModulesInManaged (7ms)
				SetLoadedEditorAssemblies (0ms)
				RefreshPlugins (64ms)
				BeforeProcessingInitializeOnLoad (145ms)
				ProcessInitializeOnLoadAttributes (460ms)
				ProcessInitializeOnLoadMethodAttributes (22ms)
				AfterProcessingInitializeOnLoad (10ms)
				EditorAssembliesLoaded (0ms)
			ExecutionOrderSort2 (0ms)
			AwakeInstancesAfterBackupRestoration (10ms)
Platform modules already initialized, skipping
========================================================================
Worker process is ready to serve import requests
Launched and connected shader compiler UnityShaderCompiler.exe after 0.11 seconds
Refreshing native plugins compatible for Editor in 0.57 ms, found 3 plugins.
Preloading 0 native plugins for Editor in 0.00 ms.
Unloading 2090 Unused Serialized files (Serialized files now loaded: 0)
System memory in use before: 93.1 MB.
System memory in use after: 93.1 MB.

Unloading 33 unused Assets to reduce memory usage. Loaded Objects now: 2523.
Total: 4.030100 ms (FindLiveObjects: 0.266400 ms CreateObjectMapping: 0.141200 ms MarkObjects: 3.335600 ms  DeleteObjects: 0.284600 ms)

AssetImportParameters requested are different than current active one (requested -> active):
  custom:framework-win-MediaFoundation: 216162199b28c13a410421893ffa2e32 -> 
  custom:video-decoder-ogg-theora: a1e56fd34408186e4bbccfd4996cb3dc -> 
  custom:container-muxer-webm: aa71ff27fc2769a1b78a27578f13a17b -> 
  custom:container-demuxer-webm: 4f35f7cbe854078d1ac9338744f61a02 -> 
  custom:container-demuxer-ogg: 62fdf1f143b41e24485cea50d1cbac27 -> 
  custom:video-encoder-webm-vp8: eb34c28f22e8b96e1ab97ce403110664 -> 
  custom:video-decoder-webm-vp8: 9c59270c3fd7afecdb556c50c9e8de78 -> 
  custom:audio-decoder-ogg-vorbis: bf7c407c2cedff20999df2af8eb42d56 -> 
  custom:audio-encoder-webm-vorbis: bf7c407c2cedff20999df2af8eb42d56 -> 
========================================================================
Received Import Request.
  path: Assets/Scenes/Pallet Town.unity
  artifactKey: Guid(2cda990e2423bbf4892e6590ba056729) Importer(815301076,1909f56bfc062723c751e8b465ee728b)
Start importing Assets/Scenes/Pallet Town.unity using Guid(2cda990e2423bbf4892e6590ba056729) Importer(815301076,1909f56bfc062723c751e8b465ee728b)  -> (artifact id: '825f60f7ee9603740bf43ea0deeaa6bc') in 0.031712 seconds 
  Import took 0.041651 seconds .

========================================================================
Received Import Request.
  Time since last request: 1.902025 seconds.
  path: Assets/Scenes
  artifactKey: Guid(ee2e2545eaf840449883bd41d4995a46) Importer(815301076,1909f56bfc062723c751e8b465ee728b)
Start importing Assets/Scenes using Guid(ee2e2545eaf840449883bd41d4995a46) Importer(815301076,1909f56bfc062723c751e8b465ee728b)  -> (artifact id: '56beb8a51fd873bf8996873c52bf76e6') in 0.012344 seconds 
  Import took 0.019536 seconds .

========================================================================
Received Import Request.
  Time since last request: 2.523839 seconds.
  path: Assets
  artifactKey: Guid(00000000000000001000000000000000) Importer(815301076,1909f56bfc062723c751e8b465ee728b)
Start importing Assets using Guid(00000000000000001000000000000000) Importer(815301076,1909f56bfc062723c751e8b465ee728b)  -> (artifact id: '42d402b061de3733987d63b9cc3b64de') in 0.010183 seconds 
  Import took 0.026093 seconds .

========================================================================
Received Import Request.
  Time since last request: 11.370788 seconds.
  path: Assets/Tile maps
  artifactKey: Guid(9d3dfb3f0c70e2947920ae4b38ce9e80) Importer(815301076,1909f56bfc062723c751e8b465ee728b)
Start importing Assets/Tile maps using Guid(9d3dfb3f0c70e2947920ae4b38ce9e80) Importer(815301076,1909f56bfc062723c751e8b465ee728b)  -> (artifact id: '64778baa870287b5aa6dddbe0cca45a7') in 0.011922 seconds 
  Import took 0.017821 seconds .

========================================================================
Received Import Request.
  Time since last request: 0.001358 seconds.
  path: Assets/Tile maps
  artifactKey: Guid(9d3dfb3f0c70e2947920ae4b38ce9e80) Importer(815301076,1909f56bfc062723c751e8b465ee728b)
Start importing Assets/Tile maps using Guid(9d3dfb3f0c70e2947920ae4b38ce9e80) Importer(815301076,1909f56bfc062723c751e8b465ee728b)  -> (artifact id: '64778baa870287b5aa6dddbe0cca45a7') in 0.003968 seconds 
  Import took 0.011487 seconds .

========================================================================
Received Import Request.
  Time since last request: 5.829074 seconds.
  path: Assets/Sprites
  artifactKey: Guid(9a1e4bdea5146f94aa41d9e7900f685d) Importer(815301076,1909f56bfc062723c751e8b465ee728b)
Start importing Assets/Sprites using Guid(9a1e4bdea5146f94aa41d9e7900f685d) Importer(815301076,1909f56bfc062723c751e8b465ee728b)  -> (artifact id: '5a896b58396549db8ce23d9fe2f36cb1') in 0.010875 seconds 
  Import took 0.017089 seconds .

========================================================================
Received Import Request.
  Time since last request: 0.001515 seconds.
  path: Assets/Sprites
  artifactKey: Guid(9a1e4bdea5146f94aa41d9e7900f685d) Importer(815301076,1909f56bfc062723c751e8b465ee728b)
Start importing Assets/Sprites using Guid(9a1e4bdea5146f94aa41d9e7900f685d) Importer(815301076,1909f56bfc062723c751e8b465ee728b)  -> (artifact id: '5a896b58396549db8ce23d9fe2f36cb1') in 0.002907 seconds 
  Import took 0.008174 seconds .

========================================================================
Received Import Request.
  Time since last request: 9.819030 seconds.
  path: Assets/Sprites/Heroine
  artifactKey: Guid(56c2b66d229179b468065ada1d48afd4) Importer(815301076,1909f56bfc062723c751e8b465ee728b)
Start importing Assets/Sprites/Heroine using Guid(56c2b66d229179b468065ada1d48afd4) Importer(815301076,1909f56bfc062723c751e8b465ee728b)  -> (artifact id: 'c985ed1032008deec61e671a2429e352') in 0.009569 seconds 
  Import took 0.015455 seconds .

========================================================================
Received Import Request.
  Time since last request: 0.001415 seconds.
  path: Assets/Sprites/Heroine
  artifactKey: Guid(56c2b66d229179b468065ada1d48afd4) Importer(815301076,1909f56bfc062723c751e8b465ee728b)
Start importing Assets/Sprites/Heroine using Guid(56c2b66d229179b468065ada1d48afd4) Importer(815301076,1909f56bfc062723c751e8b465ee728b)  -> (artifact id: 'c985ed1032008deec61e671a2429e352') in 0.003402 seconds 
  Import took 0.008709 seconds .

========================================================================
Received Import Request.
  Time since last request: 12.115296 seconds.
  path: Assets/Tile maps/Pallet Town
  artifactKey: Guid(ef0cad1f1d106ef4fb406cd98e71e3b3) Importer(815301076,1909f56bfc062723c751e8b465ee728b)
Start importing Assets/Tile maps/Pallet Town using Guid(ef0cad1f1d106ef4fb406cd98e71e3b3) Importer(815301076,1909f56bfc062723c751e8b465ee728b)  -> (artifact id: '15c9f77b7112001a445b4fb6417fd5e2') in 0.009441 seconds 
  Import took 0.015454 seconds .

========================================================================
Received Import Request.
  Time since last request: 134.251429 seconds.
  path: ProjectSettings/TagManager.asset
  artifactKey: Guid(00000000000000003000000000000000) Importer(815301076,1909f56bfc062723c751e8b465ee728b)
Start importing ProjectSettings/TagManager.asset using Guid(00000000000000003000000000000000) Importer(815301076,1909f56bfc062723c751e8b465ee728b)  -> (artifact id: '95df672b4aaba54310d34c83eef51bb8') in 0.036195 seconds 
  Import took 0.042991 seconds .

